<?xml version="1.0" encoding="UTF-8"?>
<!-- Generated by org.testng.reporters.JUnitXMLReporter -->
<testsuite hostname="DESKTOP-H5NOQRE" ignored="0" name="Default test" tests="3" failures="0" timestamp="08 Nov 2022 06:20:55 GMT" time="9.413" errors="0">
  <testcase name="test1" time="4.905" classname="org.testing.SnapDealTest"/>
  <testcase name="test2" time="0.003" classname="org.testing.SnapDealTest"/>
  <testcase name="test3" time="1.88" classname="org.testing.SnapDealTest"/>
</testsuite> <!-- Default test -->
