<?xml version="1.0" encoding="UTF-8"?>
<!-- Generated by org.testng.reporters.JUnitXMLReporter -->
<testsuite hostname="DESKTOP-H5NOQRE" ignored="0" name="Default test" tests="3" failures="0" timestamp="08 Nov 2022 10:38:20 GMT" time="13.246" errors="0">
  <testcase name="test1" time="5.819" classname="org.testing.SnapDealTest"/>
  <testcase name="test2" time="0.002" classname="org.testing.SnapDealTest"/>
  <testcase name="test3" time="3.179" classname="org.testing.SnapDealTest"/>
</testsuite> <!-- Default test -->
