<?xml version="1.0" encoding="UTF-8"?>
<testng-results skipped="0" failed="0" ignored="0" total="3" passed="3">
  <reporter-output>
  </reporter-output>
  <suite name="Default suite" duration-ms="13246" started-at="2022-11-08T10:38:07Z" finished-at="2022-11-08T10:38:20Z">
    <groups>
    </groups>
    <test name="Default test" duration-ms="13246" started-at="2022-11-08T10:38:07Z" finished-at="2022-11-08T10:38:20Z">
      <class name="org.testing.SnapDealTest">
        <test-method status="PASS" signature="beforeClass()[pri:0, instance:org.testing.SnapDealTest@73ad2d6]" name="beforeClass" is-config="true" duration-ms="3369" started-at="2022-11-08T10:38:07Z" finished-at="2022-11-08T10:38:10Z">
          <reporter-output>
          </reporter-output>
        </test-method> <!-- beforeClass -->
        <test-method status="PASS" signature="beforeMethod()[pri:0, instance:org.testing.SnapDealTest@73ad2d6]" name="beforeMethod" is-config="true" duration-ms="0" started-at="2022-11-08T10:38:10Z" finished-at="2022-11-08T10:38:10Z">
          <reporter-output>
          </reporter-output>
        </test-method> <!-- beforeMethod -->
        <test-method status="PASS" signature="test1(java.lang.String, java.lang.String)[pri:0, instance:org.testing.SnapDealTest@73ad2d6]" name="test1" duration-ms="5819" started-at="2022-11-08T10:38:10Z" data-provider="testsite" finished-at="2022-11-08T10:38:16Z">
          <params>
            <param index="0">
              <value>
                <![CDATA[https://www.snapdeal.com/]]>
              </value>
            </param>
            <param index="1">
              <value>
                <![CDATA[redmi 9 mobile phone]]>
              </value>
            </param>
          </params>
          <reporter-output>
          </reporter-output>
        </test-method> <!-- test1 -->
        <test-method status="PASS" signature="aftrMethod()[pri:0, instance:org.testing.SnapDealTest@73ad2d6]" name="aftrMethod" is-config="true" duration-ms="1" started-at="2022-11-08T10:38:16Z" finished-at="2022-11-08T10:38:16Z">
          <reporter-output>
          </reporter-output>
        </test-method> <!-- aftrMethod -->
        <test-method status="PASS" signature="test2()[pri:0, instance:org.testing.SnapDealTest@73ad2d6]" name="test2" duration-ms="2" started-at="2022-11-08T10:38:16Z" finished-at="2022-11-08T10:38:16Z">
          <reporter-output>
          </reporter-output>
        </test-method> <!-- test2 -->
        <test-method status="PASS" signature="beforeMethod()[pri:0, instance:org.testing.SnapDealTest@73ad2d6]" name="beforeMethod" is-config="true" duration-ms="0" started-at="2022-11-08T10:38:16Z" finished-at="2022-11-08T10:38:16Z">
          <reporter-output>
          </reporter-output>
        </test-method> <!-- beforeMethod -->
        <test-method status="PASS" signature="aftrMethod()[pri:0, instance:org.testing.SnapDealTest@73ad2d6]" name="aftrMethod" is-config="true" duration-ms="0" started-at="2022-11-08T10:38:16Z" finished-at="2022-11-08T10:38:16Z">
          <reporter-output>
          </reporter-output>
        </test-method> <!-- aftrMethod -->
        <test-method status="PASS" signature="beforeMethod()[pri:0, instance:org.testing.SnapDealTest@73ad2d6]" name="beforeMethod" is-config="true" duration-ms="1" started-at="2022-11-08T10:38:16Z" finished-at="2022-11-08T10:38:16Z">
          <reporter-output>
          </reporter-output>
        </test-method> <!-- beforeMethod -->
        <test-method status="PASS" signature="test3()[pri:0, instance:org.testing.SnapDealTest@73ad2d6]" name="test3" duration-ms="3179" started-at="2022-11-08T10:38:16Z" finished-at="2022-11-08T10:38:19Z">
          <reporter-output>
          </reporter-output>
        </test-method> <!-- test3 -->
        <test-method status="PASS" signature="aftrMethod()[pri:0, instance:org.testing.SnapDealTest@73ad2d6]" name="aftrMethod" is-config="true" duration-ms="1" started-at="2022-11-08T10:38:19Z" finished-at="2022-11-08T10:38:19Z">
          <reporter-output>
          </reporter-output>
        </test-method> <!-- aftrMethod -->
        <test-method status="PASS" signature="afterClass()[pri:0, instance:org.testing.SnapDealTest@73ad2d6]" name="afterClass" is-config="true" duration-ms="836" started-at="2022-11-08T10:38:19Z" finished-at="2022-11-08T10:38:20Z">
          <reporter-output>
          </reporter-output>
        </test-method> <!-- afterClass -->
      </class> <!-- org.testing.SnapDealTest -->
    </test> <!-- Default test -->
  </suite> <!-- Default suite -->
</testng-results>
